<?xml version="1.0" encoding="UTF-8"?>
<!-- Generated by org.testng.reporters.JUnitXMLReporter -->
<testsuite hostname="SL-1352" name="Command line test" tests="37" failures="0" timestamp="1 Mar 2021 15:21:38 GMT" time="276.193" errors="0">
  <testcase name="Login" time="24.282" classname="com.DemoTest.Tests.WebDemoTest"/>
  <testcase name="Login" time="25.883" classname="com.DemoTest.Tests.WebDemoTest"/>
  <testcase name="Login" time="26.434" classname="com.DemoTest.Tests.WebDemoTest"/>
  <testcase name="Login" time="27.791" classname="com.DemoTest.Tests.WebDemoTest"/>
  <testcase name="Login" time="73.238" classname="com.DemoTest.Tests.WebDemoTest"/>
  <testcase name="Login" time="73.299" classname="com.DemoTest.Tests.WebDemoTest"/>
  <testcase name="Login" time="74.635" classname="com.DemoTest.Tests.WebDemoTest"/>
  <testcase name="Login" time="78.904" classname="com.DemoTest.Tests.WebDemoTest"/>
  <testcase name="Login" time="80.128" classname="com.DemoTest.Tests.WebDemoTest"/>
  <testcase name="LoginLinux" time="0.0" classname="com.DemoTest.Tests.WebDemoTest">
    <skipped/>
  </testcase> <!-- LoginLinux -->
  <testcase name="LoginLockedoutUser" time="20.438" classname="com.DemoTest.Tests.WebDemoTest"/>
  <testcase name="LoginLockedoutUser" time="21.325" classname="com.DemoTest.Tests.WebDemoTest"/>
  <testcase name="LoginLockedoutUser" time="23.303" classname="com.DemoTest.Tests.WebDemoTest"/>
  <testcase name="LoginLockedoutUser" time="24.383" classname="com.DemoTest.Tests.WebDemoTest"/>
  <testcase name="LoginLockedoutUser" time="33.116" classname="com.DemoTest.Tests.WebDemoTest"/>
  <testcase name="LoginLockedoutUser" time="34.343" classname="com.DemoTest.Tests.WebDemoTest"/>
  <testcase name="LoginLockedoutUser" time="35.979" classname="com.DemoTest.Tests.WebDemoTest"/>
  <testcase name="LoginLockedoutUser" time="36.899" classname="com.DemoTest.Tests.WebDemoTest"/>
  <testcase name="LoginLockedoutUser" time="38.108" classname="com.DemoTest.Tests.WebDemoTest"/>
  <testcase name="LoginPerfGlitchUser" time="24.148" classname="com.DemoTest.Tests.WebDemoTest"/>
  <testcase name="LoginPerfGlitchUser" time="26.988" classname="com.DemoTest.Tests.WebDemoTest"/>
  <testcase name="LoginPerfGlitchUser" time="27.248" classname="com.DemoTest.Tests.WebDemoTest"/>
  <testcase name="LoginPerfGlitchUser" time="29.585" classname="com.DemoTest.Tests.WebDemoTest"/>
  <testcase name="LoginPerfGlitchUser" time="70.624" classname="com.DemoTest.Tests.WebDemoTest"/>
  <testcase name="LoginPerfGlitchUser" time="71.162" classname="com.DemoTest.Tests.WebDemoTest"/>
  <testcase name="LoginPerfGlitchUser" time="71.328" classname="com.DemoTest.Tests.WebDemoTest"/>
  <testcase name="LoginPerfGlitchUser" time="77.355" classname="com.DemoTest.Tests.WebDemoTest"/>
  <testcase name="LoginPerfGlitchUser" time="79.183" classname="com.DemoTest.Tests.WebDemoTest"/>
  <testcase name="LoginProblemUser" time="21.891" classname="com.DemoTest.Tests.WebDemoTest"/>
  <testcase name="LoginProblemUser" time="22.933" classname="com.DemoTest.Tests.WebDemoTest"/>
  <testcase name="LoginProblemUser" time="23.104" classname="com.DemoTest.Tests.WebDemoTest"/>
  <testcase name="LoginProblemUser" time="23.447" classname="com.DemoTest.Tests.WebDemoTest"/>
  <testcase name="LoginProblemUser" time="67.442" classname="com.DemoTest.Tests.WebDemoTest"/>
  <testcase name="LoginProblemUser" time="68.128" classname="com.DemoTest.Tests.WebDemoTest"/>
  <testcase name="LoginProblemUser" time="69.617" classname="com.DemoTest.Tests.WebDemoTest"/>
  <testcase name="LoginProblemUser" time="70.018" classname="com.DemoTest.Tests.WebDemoTest"/>
  <testcase name="LoginProblemUser" time="75.68" classname="com.DemoTest.Tests.WebDemoTest"/>
</testsuite> <!-- Command line test -->
