<?xml version="1.0" encoding="UTF-8"?>
<!-- Generated by org.testng.reporters.JUnitXMLReporter -->
<testsuite hostname="SL-1352" name="Command line test" tests="37" failures="0" timestamp="25 Feb 2021 14:10:30 GMT" time="122.794" errors="0">
  <testcase name="Login" time="23.899" classname="com.DemoTest.Tests.WebDemoTest"/>
  <testcase name="Login" time="25.494" classname="com.DemoTest.Tests.WebDemoTest"/>
  <testcase name="Login" time="25.617" classname="com.DemoTest.Tests.WebDemoTest"/>
  <testcase name="Login" time="25.706" classname="com.DemoTest.Tests.WebDemoTest"/>
  <testcase name="Login" time="26.488" classname="com.DemoTest.Tests.WebDemoTest"/>
  <testcase name="Login" time="27.609" classname="com.DemoTest.Tests.WebDemoTest"/>
  <testcase name="Login" time="27.852" classname="com.DemoTest.Tests.WebDemoTest"/>
  <testcase name="Login" time="28.227" classname="com.DemoTest.Tests.WebDemoTest"/>
  <testcase name="Login" time="31.223" classname="com.DemoTest.Tests.WebDemoTest"/>
  <testcase name="LoginLinux" time="0.0" classname="com.DemoTest.Tests.WebDemoTest">
    <skipped/>
  </testcase> <!-- LoginLinux -->
  <testcase name="LoginLockedoutUser" time="15.745" classname="com.DemoTest.Tests.WebDemoTest"/>
  <testcase name="LoginLockedoutUser" time="15.766" classname="com.DemoTest.Tests.WebDemoTest"/>
  <testcase name="LoginLockedoutUser" time="19.957" classname="com.DemoTest.Tests.WebDemoTest"/>
  <testcase name="LoginLockedoutUser" time="21.804" classname="com.DemoTest.Tests.WebDemoTest"/>
  <testcase name="LoginLockedoutUser" time="22.323" classname="com.DemoTest.Tests.WebDemoTest"/>
  <testcase name="LoginLockedoutUser" time="23.043" classname="com.DemoTest.Tests.WebDemoTest"/>
  <testcase name="LoginLockedoutUser" time="23.884" classname="com.DemoTest.Tests.WebDemoTest"/>
  <testcase name="LoginLockedoutUser" time="25.266" classname="com.DemoTest.Tests.WebDemoTest"/>
  <testcase name="LoginLockedoutUser" time="31.368" classname="com.DemoTest.Tests.WebDemoTest"/>
  <testcase name="LoginPerfGlitchUser" time="23.869" classname="com.DemoTest.Tests.WebDemoTest"/>
  <testcase name="LoginPerfGlitchUser" time="25.138" classname="com.DemoTest.Tests.WebDemoTest"/>
  <testcase name="LoginPerfGlitchUser" time="25.584" classname="com.DemoTest.Tests.WebDemoTest"/>
  <testcase name="LoginPerfGlitchUser" time="25.76" classname="com.DemoTest.Tests.WebDemoTest"/>
  <testcase name="LoginPerfGlitchUser" time="27.323" classname="com.DemoTest.Tests.WebDemoTest"/>
  <testcase name="LoginPerfGlitchUser" time="28.95" classname="com.DemoTest.Tests.WebDemoTest"/>
  <testcase name="LoginPerfGlitchUser" time="29.279" classname="com.DemoTest.Tests.WebDemoTest"/>
  <testcase name="LoginPerfGlitchUser" time="30.484" classname="com.DemoTest.Tests.WebDemoTest"/>
  <testcase name="LoginPerfGlitchUser" time="32.366" classname="com.DemoTest.Tests.WebDemoTest"/>
  <testcase name="LoginProblemUser" time="16.615" classname="com.DemoTest.Tests.WebDemoTest"/>
  <testcase name="LoginProblemUser" time="17.002" classname="com.DemoTest.Tests.WebDemoTest"/>
  <testcase name="LoginProblemUser" time="19.245" classname="com.DemoTest.Tests.WebDemoTest"/>
  <testcase name="LoginProblemUser" time="21.041" classname="com.DemoTest.Tests.WebDemoTest"/>
  <testcase name="LoginProblemUser" time="21.259" classname="com.DemoTest.Tests.WebDemoTest"/>
  <testcase name="LoginProblemUser" time="22.161" classname="com.DemoTest.Tests.WebDemoTest"/>
  <testcase name="LoginProblemUser" time="22.162" classname="com.DemoTest.Tests.WebDemoTest"/>
  <testcase name="LoginProblemUser" time="23.203" classname="com.DemoTest.Tests.WebDemoTest"/>
  <testcase name="LoginProblemUser" time="24.152" classname="com.DemoTest.Tests.WebDemoTest"/>
</testsuite> <!-- Command line test -->
