<?xml version="1.0" encoding="UTF-8" ?>
<testsuite tests="37" failures="0" name="TestSuite" time="910.503" errors="0" skipped="1">
  <properties>
[...]
</properties>
  <testcase classname="com.DemoTest.Tests.WebDemoTest" name="Login" time="23.899"/>
  <testcase classname="com.DemoTest.Tests.WebDemoTest" name="Login" time="25.492"/>
  <testcase classname="com.DemoTest.Tests.WebDemoTest" name="Login" time="25.615"/>
  <testcase classname="com.DemoTest.Tests.WebDemoTest" name="Login" time="25.705"/>
  <testcase classname="com.DemoTest.Tests.WebDemoTest" name="Login" time="26.486"/>
  <testcase classname="com.DemoTest.Tests.WebDemoTest" name="Login" time="27.608"/>
  <testcase classname="com.DemoTest.Tests.WebDemoTest" name="Login" time="27.85"/>
  <testcase classname="com.DemoTest.Tests.WebDemoTest" name="Login" time="28.226"/>
  <testcase classname="com.DemoTest.Tests.WebDemoTest" name="Login" time="31.223"/>
  <testcase classname="com.DemoTest.Tests.WebDemoTest" name="LoginLinux" time="33.7">
    <skipped/>
  </testcase>
  <testcase classname="com.DemoTest.Tests.WebDemoTest" name="LoginLockedoutUser" time="15.744"/>
  <testcase classname="com.DemoTest.Tests.WebDemoTest" name="LoginLockedoutUser" time="15.762"/>
  <testcase classname="com.DemoTest.Tests.WebDemoTest" name="LoginLockedoutUser" time="19.952"/>
  <testcase classname="com.DemoTest.Tests.WebDemoTest" name="LoginLockedoutUser" time="21.801"/>
  <testcase classname="com.DemoTest.Tests.WebDemoTest" name="LoginLockedoutUser" time="22.32"/>
  <testcase classname="com.DemoTest.Tests.WebDemoTest" name="LoginLockedoutUser" time="23.04"/>
  <testcase classname="com.DemoTest.Tests.WebDemoTest" name="LoginLockedoutUser" time="23.88"/>
  <testcase classname="com.DemoTest.Tests.WebDemoTest" name="LoginLockedoutUser" time="25.261"/>
  <testcase classname="com.DemoTest.Tests.WebDemoTest" name="LoginLockedoutUser" time="31.364"/>
  <testcase classname="com.DemoTest.Tests.WebDemoTest" name="LoginPerfGlitchUser" time="23.869"/>
  <testcase classname="com.DemoTest.Tests.WebDemoTest" name="LoginPerfGlitchUser" time="25.137"/>
  <testcase classname="com.DemoTest.Tests.WebDemoTest" name="LoginPerfGlitchUser" time="25.583"/>
  <testcase classname="com.DemoTest.Tests.WebDemoTest" name="LoginPerfGlitchUser" time="25.76"/>
  <testcase classname="com.DemoTest.Tests.WebDemoTest" name="LoginPerfGlitchUser" time="27.322"/>
  <testcase classname="com.DemoTest.Tests.WebDemoTest" name="LoginPerfGlitchUser" time="28.948"/>
  <testcase classname="com.DemoTest.Tests.WebDemoTest" name="LoginPerfGlitchUser" time="29.278"/>
  <testcase classname="com.DemoTest.Tests.WebDemoTest" name="LoginPerfGlitchUser" time="30.483"/>
  <testcase classname="com.DemoTest.Tests.WebDemoTest" name="LoginPerfGlitchUser" time="32.366"/>
  <testcase classname="com.DemoTest.Tests.WebDemoTest" name="LoginProblemUser" time="16.615"/>
  <testcase classname="com.DemoTest.Tests.WebDemoTest" name="LoginProblemUser" time="17.002"/>
  <testcase classname="com.DemoTest.Tests.WebDemoTest" name="LoginProblemUser" time="19.242"/>
  <testcase classname="com.DemoTest.Tests.WebDemoTest" name="LoginProblemUser" time="21.04"/>
  <testcase classname="com.DemoTest.Tests.WebDemoTest" name="LoginProblemUser" time="21.258"/>
  <testcase classname="com.DemoTest.Tests.WebDemoTest" name="LoginProblemUser" time="22.159"/>
  <testcase classname="com.DemoTest.Tests.WebDemoTest" name="LoginProblemUser" time="22.162"/>
  <testcase classname="com.DemoTest.Tests.WebDemoTest" name="LoginProblemUser" time="23.201"/>
  <testcase classname="com.DemoTest.Tests.WebDemoTest" name="LoginProblemUser" time="24.15"/>
</testsuite>